<?xml version="1.0" encoding="UTF-8"?>
<!-- Generated by org.testng.reporters.JUnitReportReporter -->
<testsuite hostname="DESKTOP-M0NP7I2" failures="0" tests="4" name="TestRunner.RunnerFile" time="115.553" errors="0" timestamp="2025-01-01T22:26:25 IST" skipped="0">
  <testcase classname="TestRunner.RunnerFile" name="runScenario" time="73.206"/>
  <system-out/>
  <testcase classname="TestRunner.RunnerFile" name="runScenario" time="13.025"/>
  <system-out/>
  <testcase classname="TestRunner.RunnerFile" name="runScenario" time="14.269"/>
  <system-out/>
  <testcase classname="TestRunner.RunnerFile" name="runScenario" time="15.053"/>
  <system-out/>
</testsuite> <!-- TestRunner.RunnerFile -->
